<?xml version="1.0" encoding="UTF-8"?>
<!-- Generated by org.testng.reporters.JUnitReportReporter -->
<testsuite hostname="DESKTOP-10QAI0L" failures="0" tests="1" name="org.testvagrant.ImdbAndWikiPagesValidation" time="41.547" errors="0" timestamp="2022-10-13T19:56:39 IST" skipped="0">
  <testcase classname="org.testvagrant.ImdbAndWikiPagesValidation" name="ValidationOfImdbAndWikiPage" time="41.547"/>
  <system-out/>
</testsuite> <!-- org.testvagrant.ImdbAndWikiPagesValidation -->
